<?xml version="1.0" encoding="UTF-8"?>
<!-- Generated by org.testng.reporters.JUnitReportReporter -->
<testsuite hostname="Priya" failures="0" tests="4" name="testNg.B" time="0.023" errors="0" timestamp="2023-06-14T20:29:20 AST" skipped="0">
  <testcase classname="testNg.B" name="tc11" time="0.001"/>
  <testcase classname="testNg.B" name="tc8" time="0.001"/>
  <testcase classname="testNg.B" name="tc10" time="0.019"/>
  <testcase classname="testNg.B" name="tc9" time="0.002"/>
</testsuite> <!-- testNg.B -->
